<?xml version="1.0" encoding="UTF-8"?>
<testng-results skipped="0" failed="0" ignored="0" total="1" passed="1">
  <reporter-output>
  </reporter-output>
  <suite name="Default suite" duration-ms="59" started-at="2020-05-04T18:48:06 IST" finished-at="2020-05-04T18:48:06 IST">
    <groups>
    </groups>
    <test name="Default test" duration-ms="59" started-at="2020-05-04T18:48:06 IST" finished-at="2020-05-04T18:48:06 IST">
      <class name="testNGExercise.TC_002">
        <test-method status="PASS" signature="m2()[pri:0, instance:testNGExercise.TC_002@5383967b]" name="m2" is-config="true" duration-ms="8" started-at="2020-05-04T18:48:06 IST" finished-at="2020-05-04T18:48:06 IST">
          <reporter-output>
          </reporter-output>
        </test-method> <!-- m2 -->
        <test-method status="PASS" signature="m1()[pri:0, instance:testNGExercise.TC_002@5383967b]" name="m1" duration-ms="7" started-at="2020-05-04T18:48:06 IST" finished-at="2020-05-04T18:48:06 IST">
          <reporter-output>
          </reporter-output>
        </test-method> <!-- m1 -->
        <test-method status="PASS" signature="m3()[pri:0, instance:testNGExercise.TC_002@5383967b]" name="m3" is-config="true" duration-ms="1" started-at="2020-05-04T18:48:06 IST" finished-at="2020-05-04T18:48:06 IST">
          <reporter-output>
          </reporter-output>
        </test-method> <!-- m3 -->
      </class> <!-- testNGExercise.TC_002 -->
    </test> <!-- Default test -->
  </suite> <!-- Default suite -->
</testng-results>
