<?xml version="1.0" encoding="UTF-8"?>
<!-- Generated by org.testng.reporters.JUnitXMLReporter -->
<testsuite hostname="DESKTOP-AEIQ660" ignored="0" name="Test(failed)" tests="1" failures="0" timestamp="25 Jul 2019 03:42:47 GMT" time="0.058" errors="0">
  <testcase name="@BeforeMethod m2" time="0.006" classname="testNGExercise.TC_002">
    <failure type="java.lang.Error" message="Unresolved compilation problem: 
	Syntax error, insert &amp;quot;;&amp;quot; to complete BlockStatements
">
      <![CDATA[java.lang.Error: Unresolved compilation problem: 
Syntax error, insert ";" to complete BlockStatements

at testNGExercise.TC_002.m2(TC_002.java:18)
... Removed 28 stack frames]]>
    </failure>
  </testcase> <!-- @BeforeMethod m2 -->
  <testcase name="@AfterMethod m3" time="0.0" classname="testNGExercise.TC_002">
    <skipped/>
  </testcase> <!-- @AfterMethod m3 -->
  <testcase name="m1" time="0.0" classname="testNGExercise.TC_002">
    <skipped/>
  </testcase> <!-- m1 -->
</testsuite> <!-- Test(failed) -->
